[INFO     ] sent msg | obj calls |   time | Init: 2013-10-25_14:59:09
[INFO     ]        0 |         0 |        | d_min=2.000000 [normalized 0.000000]
[INFO     ]        0 |         0 |        | d_max=480.000000 [normalized 1.000000]
[INFO     ]        0 |         0 |        | d_avg=237.220000 [normalized 0.492092]
[INFO     ]        0 |         0 |        | Saving agent data to temporary files.
[INFO     ]        0 |         0 |        | Creating 10 agents of type AgentMMMSSP
[INFO     ]        0 |         0 |        | Connecting agents.
[INFO     ]        0 |         0 |        | Notifying speaker (a9)
[INFO     ]        0 |         2 |        | bkc-value | bkc-size | bkc-dist
[SOLUTION ]        0 |         3 |    0.0 |  1.000000 |   0.00   |   0.00
[SOLUTION ]        0 |         2 |    1.0 |  4.276151 |   0.10   |   0.10
[STATS    ]        2 |         7 |    2.0 |  4.276151 |   0.10   |   0.10
[STATS    ]        2 |        15 |    3.0 |  3.215481 |   0.20   |   0.10
[STATS    ]       10 |        25 |    4.0 |  3.215481 |   0.20   |   0.10
[STATS    ]       22 |        66 |    5.0 |  2.868201 |   0.40   |   0.10
[STATS    ]       40 |       124 |    6.0 |  2.399582 |   0.50   |   0.10
[STATS    ]       63 |       196 |    7.0 |  0.753138 |   0.70   |   0.10
[SOLUTION ]       82 |       266 |    8.0 |  0.895397 |   1.00   |   0.10
[SOLUTION ]      102 |       330 |    9.0 |  0.790795 |   1.00   |   0.10
[SOLUTION ]      123 |       395 |   10.0 |  0.686192 |   1.00   |   0.10
[SOLUTION ]      142 |       455 |   11.0 |  0.581590 |   1.00   |   0.10
[SOLUTION ]      167 |       522 |   12.0 |  0.581590 |   1.00   |   0.40
[SOLUTION ]      193 |       595 |   13.0 |  0.267782 |   1.00   |   0.10
[SOLUTION ]      221 |       672 |   14.0 |  0.190377 |   1.00   |   0.10
[SOLUTION ]      249 |       751 |   15.0 |  0.006276 |   1.00   |   0.10
[SOLUTION ]      277 |       829 |   16.0 |  0.006276 |   1.00   |   0.60
[SOLUTION ]      305 |       909 |   17.0 |  0.006276 |   1.00   |   0.90
[SOLUTION ]      333 |       988 |   18.0 |  0.006276 |   1.00   |   1.00
[STATS    ]      348 |      1046 |   19.0 |  0.006276 |   1.00   |   1.00
[STATS    ]      368 |      1096 |   20.0 |  0.006276 |   1.00   |   1.00
[STATS    ]      387 |      1146 |   21.0 |  0.006276 |   1.00   |   1.00
[STATS    ]      398 |      1185 |   22.0 |  0.006276 |   1.00   |   1.00
[STATS    ]      398 |      1196 |   23.0 |  0.006276 |   1.00   |   1.00
[INFO     ]      398 |      1196 |   23.0 | Nodes inactive, stopping now.
[INFO     ]      398 |      1196 | Target | [542 528 519 511 509]
[INFO     ]      398 |      1196 | Result | [543 529 520 512 510]
[INFO     ]      398 |      1196 |    End | 2013-10-25_14:59:34